{"name": "Validaciòn de pantalla de detalle en Productos", "status": "failed", "statusDetails": {"message": "AssertionError\n", "trace": "  File \"/Library/Frameworks/Python.framework/Versions/3.11/lib/python3.11/site-packages/behave/model.py\", line 1329, in run\n    match.run(runner.context)\n  File \"/Library/Frameworks/Python.framework/Versions/3.11/lib/python3.11/site-packages/behave/matchers.py\", line 98, in run\n    self.func(context, *args, **kwargs)\n  File \"steps/productos_steps.py\", line 18, in step_impl\n    productscreen.assert_text(*productscreen.lbl_name_product, value=screen_products.get(\"Name\"))\n  File \"/Users/leticiaquezadacalzada/Downloads/Telegram Desktop/baz_behave/Behave/utils/common_actions.py\", line 15, in assert_text\n    assert element_text == value\n           ^^^^^^^^^^^^^^^^^^^^^\n"}, "steps": [{"name": "Given Tengo la aplicaciòn", "status": "passed", "start": 1688335227999, "stop": 1688335227999}, {"name": "When Ingreso usuario", "status": "passed", "start": 1688335228000, "stop": 1688335230935}, {"name": "And Ingreso password", "status": "passed", "start": 1688335230936, "stop": 1688335232014}, {"name": "And Doy click en Ingresar", "status": "passed", "start": 1688335232015, "stop": 1688335232771}, {"name": "Given Veo los productos", "status": "passed", "start": 1688335232773, "stop": 1688335234705}, {"name": "When Visualizo todos los productos de la pagina", "status": "failed", "statusDetails": {"message": "AssertionError\n", "trace": "  File \"/Library/Frameworks/Python.framework/Versions/3.11/lib/python3.11/site-packages/behave/model.py\", line 1329, in run\n    match.run(runner.context)\n  File \"/Library/Frameworks/Python.framework/Versions/3.11/lib/python3.11/site-packages/behave/matchers.py\", line 98, in run\n    self.func(context, *args, **kwargs)\n  File \"steps/productos_steps.py\", line 18, in step_impl\n    productscreen.assert_text(*productscreen.lbl_name_product, value=screen_products.get(\"Name\"))\n  File \"/Users/leticiaquezadacalzada/Downloads/Telegram Desktop/baz_behave/Behave/utils/common_actions.py\", line 15, in assert_text\n    assert element_text == value\n           ^^^^^^^^^^^^^^^^^^^^^\n"}, "start": 1688335234707, "stop": 1688335267367}, {"name": "Then Consulto el ultimo producto de la lista", "status": "broken", "statusDetails": {"message": "\nYou can implement step definitions for undefined steps with these snippets:\n\n@then(u'Consulto el ultimo producto de la lista')\ndef step_impl(context):\n    raise NotImplementedError(u'STEP: Then Consulto el ultimo producto de la lista')\n\n"}, "start": 1688335267862, "stop": 1688335267862}], "start": 1688335219469, "stop": 1688335267862, "uuid": "d73110ae-3501-4389-99d6-bd1604149258", "historyId": "df3b672b674431e15c75eefb24886453", "fullName": "Ver patalla de Productos: Validaciòn de pantalla de detalle en Productos", "labels": [{"name": "severity", "value": "normal"}, {"name": "tag", "value": "productos"}, {"name": "tag", "value": "regression"}, {"name": "feature", "value": "Ver patalla de Productos"}, {"name": "framework", "value": "behave"}, {"name": "language", "value": "cpython3"}]}